<?xml version="1.0" encoding="UTF-8"?>
<!-- Generated by org.testng.reporters.JUnitReportReporter -->
<testsuite hostname="CDC2-D-CGZVXJ2" name="tests.LoginPageUsingPageFactoryDemoNew" tests="1" failures="0" timestamp="19 Sep 2019 06:21:15 GMT" time="37.435" errors="0">
  <testcase name="test" time="37.435" classname="tests.LoginPageUsingPageFactoryDemoNew"/>
</testsuite> <!-- tests.LoginPageUsingPageFactoryDemoNew -->
