<?xml version="1.0" encoding="UTF-8"?>
<!-- Generated by org.testng.reporters.JUnitReportReporter -->
<testsuite hostname="CDC2-D-CGZVXJ2" name="tests.logintestcase" tests="1" failures="0" timestamp="19 Sep 2019 05:25:07 GMT" time="24.459" errors="0">
  <testcase name="f" time="24.459" classname="tests.logintestcase"/>
</testsuite> <!-- tests.logintestcase -->
