<?xml version="1.0" encoding="UTF-8"?>
<!-- Generated by org.testng.reporters.JUnitReportReporter -->
<testsuite hostname="CDC2-D-CGZVXJ2" name="testNGDemo.Prog2" tests="1" failures="0" timestamp="16 Sep 2019 07:04:33 GMT" time="17.350" errors="0">
  <testcase name="test" time="17.350" classname="testNGDemo.Prog2"/>
</testsuite> <!-- testNGDemo.Prog2 -->
