<?xml version="1.0" encoding="UTF-8"?>
<!-- Generated by org.testng.reporters.JUnitReportReporter -->
<testsuite hostname="CDC2-D-CGZVXJ2" name="testNGDemo.Prog1" tests="1" failures="0" timestamp="17 Sep 2019 06:48:09 GMT" time="5.378" errors="0">
  <testcase name="f" time="5.378" classname="testNGDemo.Prog1"/>
</testsuite> <!-- testNGDemo.Prog1 -->
