<?xml version="1.0" encoding="UTF-8"?>
<!-- Generated by org.testng.reporters.JUnitReportReporter -->
<testsuite hostname="CDC2-D-CGZVXJ2" name="testNGDemo.Actiondemo3" tests="1" failures="0" timestamp="19 Sep 2019 04:36:42 GMT" time="16.308" errors="0">
  <testcase name="test" time="16.308" classname="testNGDemo.Actiondemo3"/>
</testsuite> <!-- testNGDemo.Actiondemo3 -->
