<?xml version="1.0" encoding="UTF-8"?>
<!-- Generated by org.testng.reporters.JUnitReportReporter -->
<testsuite hostname="CDC2-D-CGZVXJ2" name="testNGDemo.Actiondemo2" tests="1" failures="0" timestamp="18 Sep 2019 03:37:42 GMT" time="13.741" errors="0">
  <testcase name="test" time="13.741" classname="testNGDemo.Actiondemo2"/>
</testsuite> <!-- testNGDemo.Actiondemo2 -->
