<?xml version="1.0" encoding="UTF-8"?>
<!-- Generated by org.testng.reporters.JUnitReportReporter -->
<testsuite hostname="CDC2-D-CGZVXJ2" name="testNGDemo.writeExcel" tests="1" failures="0" timestamp="19 Sep 2019 04:12:57 GMT" time="1.413" errors="0">
  <testcase name="test" time="1.413" classname="testNGDemo.writeExcel"/>
</testsuite> <!-- testNGDemo.writeExcel -->
